<?xml version="1.0" encoding="UTF-8"?>
<!-- Generated by org.testng.reporters.JUnitReportReporter -->
<testsuite hostname="MBadillo-EDP-100-327.local" failures="0" tests="3" name="mikko.tests.AlertsandModals" time="44.740" errors="0" timestamp="2023-11-09T18:33:46 PST" skipped="0">
  <testcase classname="mikko.tests.AlertsandModals" name="bootstrapAlert" time="16.490"/>
  <system-out/>
  <testcase classname="mikko.tests.AlertsandModals" name="bootstrapModal" time="10.406"/>
  <system-out/>
  <testcase classname="mikko.tests.AlertsandModals" name="windowPopupModal" time="17.844"/>
  <system-out/>
</testsuite> <!-- mikko.tests.AlertsandModals -->
