<?xml version="1.0" encoding="UTF-8"?>
<!-- Generated by org.testng.reporters.JUnitReportReporter -->
<testsuite hostname="MBadillo-EDP-100-327.local" failures="0" tests="5" name="mikko.tests.Table" time="88.859" errors="0" timestamp="2023-11-09T18:26:56 PST" skipped="0">
  <testcase classname="mikko.tests.Table" name="tablePagination" time="23.616"/>
  <system-out/>
  <testcase classname="mikko.tests.Table" name="dataSearch" time="24.324"/>
  <system-out/>
  <testcase classname="mikko.tests.Table" name="tableFilterDemo" time="9.174"/>
  <system-out/>
  <testcase classname="mikko.tests.Table" name="tableSortAndSearch" time="24.522"/>
  <system-out/>
  <testcase classname="mikko.tests.Table" name="dataTableDownload" time="7.223"/>
  <system-out/>
</testsuite> <!-- mikko.tests.Table -->
