<?xml version="1.0" encoding="UTF-8"?>
<!-- Generated by org.testng.reporters.JUnitReportReporter -->
<testsuite hostname="MBadillo-EDP-100-327.local" failures="0" tests="1" name="mikko.tests.SeleniumDemo" time="179.302" errors="0" timestamp="2023-11-13T08:08:15 PST" skipped="0">
  <testcase classname="mikko.tests.SeleniumDemo" name="runTests" time="179.302"/>
  <system-out/>
</testsuite> <!-- mikko.tests.SeleniumDemo -->
