<?xml version="1.0" encoding="UTF-8"?>
<!-- Generated by org.testng.reporters.JUnitReportReporter -->
<testsuite hostname="MBadillo-EDP-100-327.local" failures="0" tests="1" name="mikko.tests.listBox" time="3.783" errors="0" timestamp="2023-11-02T15:19:20 PST" skipped="0">
  <testcase classname="mikko.tests.listBox" name="dataListFilter" time="3.783"/>
  <system-out/>
</testsuite> <!-- mikko.tests.listBox -->
