<?xml version="1.0" encoding="UTF-8"?>
<!-- Generated by org.testng.reporters.JUnitReportReporter -->
<testsuite hostname="MBadillo-EDP-100-327.local" failures="0" tests="3" name="mikko.tests.progressBar" time="55.151" errors="0" timestamp="2023-11-08T14:21:31 PST" skipped="0">
  <testcase classname="mikko.tests.progressBar" name="jqueryProgressBar" time="16.288"/>
  <system-out/>
  <testcase classname="mikko.tests.progressBar" name="bootstrapProgressBar" time="28.649"/>
  <system-out/>
  <testcase classname="mikko.tests.progressBar" name="dragAndDrop" time="10.214"/>
  <system-out/>
</testsuite> <!-- mikko.tests.progressBar -->
