<?xml version="1.0" encoding="UTF-8"?>
<!-- Generated by org.testng.reporters.JUnitReportReporter -->
<testsuite hostname="MBadillo-EDP-100-327.local" failures="0" tests="2" name="mikko.tests.DatePickers" time="21.294" errors="0" timestamp="2023-10-30T14:59:34 PST" skipped="0">
  <testcase classname="mikko.tests.DatePickers" name="jqeuryDatepicker" time="8.633"/>
  <system-out/>
  <testcase classname="mikko.tests.DatePickers" name="DateExample" time="12.661"/>
  <system-out/>
</testsuite> <!-- mikko.tests.DatePickers -->
