<?xml version="1.0" encoding="UTF-8"?>
<!-- Generated by org.testng.reporters.JUnitReportReporter -->
<testsuite hostname="MBadillo-EDP-100-327.local" failures="0" tests="7" name="mikko.tests.InputForms" time="66.597" errors="0" timestamp="2023-11-09T17:41:04 PST" skipped="0">
  <testcase classname="mikko.tests.InputForms" name="simpleForm" time="8.091"/>
  <system-out/>
  <testcase classname="mikko.tests.InputForms" name="checkboxForm" time="7.960"/>
  <system-out/>
  <testcase classname="mikko.tests.InputForms" name="radioButtons" time="10.158"/>
  <system-out/>
  <testcase classname="mikko.tests.InputForms" name="dropDown" time="8.363"/>
  <system-out/>
  <testcase classname="mikko.tests.InputForms" name="inputForm" time="12.930"/>
  <system-out/>
  <testcase classname="mikko.tests.InputForms" name="AjaxForm" time="10.128"/>
  <system-out/>
  <testcase classname="mikko.tests.InputForms" name="JqueryForm" time="8.967"/>
  <system-out/>
</testsuite> <!-- mikko.tests.InputForms -->
